
> cre-financial-suite@0.0.0 build
> vite build

[36mvite v6.4.1 [32mbuilding for production...[36m[39m
transforming...
[33m[plugin vite:esbuild] src/pages/Workflows.jsx: [33mDuplicate key "draft" in object literal[33m
20 |    locked: { label: "Locked", color: "bg-slate-200 text-slate-800" },
21 |    ai_generated: { label: "AI Generated", color: "bg-cyan-100 text-cyan-700" },
22 |    draft: { label: "Draft", color: "bg-slate-100 text-slate-700" },
   |    ^
23 |    extracted: { label: "Extracted", color: "bg-blue-100 text-blue-700" },
24 |    validated: { label: "Validated", color: "bg-emerald-100 text-emerald-700" },
[39m
[32m✓[39m 3185 modules transformed.
[31m✗[39m Build failed in 4.24s
[31merror during build:
[31msrc/pages/OrgSettings.jsx (2:9): "UserService" is not exported by "src/services/api.js", imported by "src/pages/OrgSettings.jsx".[31m
file: [36mC:/Users/tejas/Downloads/cre-financial-suite-main (3)/cre-financial-suite-main/src/pages/OrgSettings.jsx:2:9[31m
[33m
1: import React, { useState, useEffect } from "react";
2: import { UserService, OrganizationService } from "@/services/api";
            ^
3: 
4: import { inviteUser } from "@/services/users";
[31m
    at getRollupError (file:///C:/Users/tejas/Downloads/cre-financial-suite-main%20(3)/cre-financial-suite-main/node_modules/rollup/dist/es/shared/parseAst.js:402:41)
    at error (file:///C:/Users/tejas/Downloads/cre-financial-suite-main%20(3)/cre-financial-suite-main/node_modules/rollup/dist/es/shared/parseAst.js:398:42)
    at Module.error (file:///C:/Users/tejas/Downloads/cre-financial-suite-main%20(3)/cre-financial-suite-main/node_modules/rollup/dist/es/shared/node-entry.js:17040:16)
    at Module.traceVariable (file:///C:/Users/tejas/Downloads/cre-financial-suite-main%20(3)/cre-financial-suite-main/node_modules/rollup/dist/es/shared/node-entry.js:17452:29)
    at ModuleScope.findVariable (file:///C:/Users/tejas/Downloads/cre-financial-suite-main%20(3)/cre-financial-suite-main/node_modules/rollup/dist/es/shared/node-entry.js:15070:39)
    at FunctionScope.findVariable (file:///C:/Users/tejas/Downloads/cre-financial-suite-main%20(3)/cre-financial-suite-main/node_modules/rollup/dist/es/shared/node-entry.js:5673:38)
    at FunctionBodyScope.findVariable (file:///C:/Users/tejas/Downloads/cre-financial-suite-main%20(3)/cre-financial-suite-main/node_modules/rollup/dist/es/shared/node-entry.js:5673:38)
    at ReturnValueScope.findVariable (file:///C:/Users/tejas/Downloads/cre-financial-suite-main%20(3)/cre-financial-suite-main/node_modules/rollup/dist/es/shared/node-entry.js:5673:38)
    at FunctionBodyScope.findVariable (file:///C:/Users/tejas/Downloads/cre-financial-suite-main%20(3)/cre-financial-suite-main/node_modules/rollup/dist/es/shared/node-entry.js:5673:38)
    at MemberExpression.bind (file:///C:/Users/tejas/Downloads/cre-financial-suite-main%20(3)/cre-financial-suite-main/node_modules/rollup/dist/es/shared/node-entry.js:7392:49)[39m
