
C:\Users\tejas\Downloads\cre-financial-suite-main (3)\cre-financial-suite-main\src\Layout.jsx
  144:9  warning  'navigate' is assigned a value but never used. Allowed unused vars must match /^_/u  unused-imports/no-unused-vars

C:\Users\tejas\Downloads\cre-financial-suite-main (3)\cre-financial-suite-main\src\components\ScenarioPlanner.jsx
  34:11  warning  'adjRevenue' is assigned a value but never used. Allowed unused vars must match /^_/u  unused-imports/no-unused-vars

C:\Users\tejas\Downloads\cre-financial-suite-main (3)\cre-financial-suite-main\src\components\cam\CAMReviewTab.jsx
  82:9  warning  'prevPool' is assigned a value but never used. Allowed unused vars must match /^_/u  unused-imports/no-unused-vars

C:\Users\tejas\Downloads\cre-financial-suite-main (3)\cre-financial-suite-main\src\components\comparison\ComparisonSummary.jsx
  18:58  warning  'yearB' is defined but never used. Allowed unused args must match /^_/u  unused-imports/no-unused-vars

C:\Users\tejas\Downloads\cre-financial-suite-main (3)\cre-financial-suite-main\src\components\dashboard\PropertyPerformanceTable.jsx
  7:7  warning  'statusBadge' is assigned a value but never used. Allowed unused vars must match /^_/u  unused-imports/no-unused-vars

C:\Users\tejas\Downloads\cre-financial-suite-main (3)\cre-financial-suite-main\src\components\landing\HeroSection.jsx
  19:9  warning  'scrollToFeatures' is assigned a value but never used. Allowed unused vars must match /^_/u  unused-imports/no-unused-vars

C:\Users\tejas\Downloads\cre-financial-suite-main (3)\cre-financial-suite-main\src\components\landing\LandingNav.jsx
  6:65  warning  'onRequestDemo' is defined but never used. Allowed unused args must match /^_/u      unused-imports/no-unused-vars
  9:9   warning  'navigate' is assigned a value but never used. Allowed unused vars must match /^_/u  unused-imports/no-unused-vars

C:\Users\tejas\Downloads\cre-financial-suite-main (3)\cre-financial-suite-main\src\components\revenue\PropertyDrillDown.jsx
  12:7  warning  'COLORS' is assigned a value but never used. Allowed unused vars must match /^_/u  unused-imports/no-unused-vars

C:\Users\tejas\Downloads\cre-financial-suite-main (3)\cre-financial-suite-main\src\components\userManagement\CsvImport.jsx
  57:10  warning  'importProgress' is assigned a value but never used. Allowed unused vars must match /^_/u  unused-imports/no-unused-vars

C:\Users\tejas\Downloads\cre-financial-suite-main (3)\cre-financial-suite-main\src\components\userManagement\DrawerTabs.jsx
   83:89  warning  'enabledModules' is defined but never used. Allowed unused args must match /^_/u  unused-imports/no-unused-vars
  233:51  warning  'pagePerms' is defined but never used. Allowed unused args must match /^_/u       unused-imports/no-unused-vars

C:\Users\tejas\Downloads\cre-financial-suite-main (3)\cre-financial-suite-main\src\pages\BulkImport.jsx
  18:9   warning  'navigate' is assigned a value but never used. Allowed unused vars must match /^_/u  unused-imports/no-unused-vars
  22:10  warning  'file' is assigned a value but never used. Allowed unused vars must match /^_/u      unused-imports/no-unused-vars
  23:10  warning  'fileUrl' is assigned a value but never used. Allowed unused vars must match /^_/u   unused-imports/no-unused-vars

C:\Users\tejas\Downloads\cre-financial-suite-main (3)\cre-financial-suite-main\src\pages\ChartOfAccounts.jsx
  49:32  warning  'isLoading' is assigned a value but never used. Allowed unused vars must match /^_/u  unused-imports/no-unused-vars

C:\Users\tejas\Downloads\cre-financial-suite-main (3)\cre-financial-suite-main\src\pages\Comparison.jsx
  20:17  warning  'properties' is assigned a value but never used. Allowed unused vars must match /^_/u  unused-imports/no-unused-vars

C:\Users\tejas\Downloads\cre-financial-suite-main (3)\cre-financial-suite-main\src\pages\Dashboard.jsx
  26:43  warning  'orgLoading' is assigned a value but never used. Allowed unused vars must match /^_/u  unused-imports/no-unused-vars

C:\Users\tejas\Downloads\cre-financial-suite-main (3)\cre-financial-suite-main\src\pages\DemoExperience.jsx
  16:9   warning  'navigate' is assigned a value but never used. Allowed unused vars must match /^_/u  unused-imports/no-unused-vars
  26:25  warning  'error' is assigned a value but never used. Allowed unused vars must match /^_/u     unused-imports/no-unused-vars

C:\Users\tejas\Downloads\cre-financial-suite-main (3)\cre-financial-suite-main\src\pages\Documents.jsx
  5:10  error  'useQuery' is defined but never used  unused-imports/no-unused-imports

C:\Users\tejas\Downloads\cre-financial-suite-main (3)\cre-financial-suite-main\src\pages\ExpenseProjection.jsx
  41:9  warning  'prevBudget' is assigned a value but never used. Allowed unused vars must match /^_/u  unused-imports/no-unused-vars

C:\Users\tejas\Downloads\cre-financial-suite-main (3)\cre-financial-suite-main\src\pages\Expenses.jsx
  37:9  warning  'getBuildingForProperty' is assigned a value but never used. Allowed unused vars must match /^_/u  unused-imports/no-unused-vars
  47:9  warning  'currentYearExpenses' is assigned a value but never used. Allowed unused vars must match /^_/u     unused-imports/no-unused-vars

C:\Users\tejas\Downloads\cre-financial-suite-main (3)\cre-financial-suite-main\src\pages\Integrations.jsx
  31:10  warning  'exportTarget' is assigned a value but never used. Allowed unused vars must match /^_/u     unused-imports/no-unused-vars
  31:24  warning  'setExportTarget' is assigned a value but never used. Allowed unused vars must match /^_/u  unused-imports/no-unused-vars

C:\Users\tejas\Downloads\cre-financial-suite-main (3)\cre-financial-suite-main\src\pages\LeaseReview.jsx
  27:9  warning  'navigate' is assigned a value but never used. Allowed unused vars must match /^_/u  unused-imports/no-unused-vars

C:\Users\tejas\Downloads\cre-financial-suite-main (3)\cre-financial-suite-main\src\pages\LeaseUpload.jsx
  19:10  warning  'extracting' is assigned a value but never used. Allowed unused vars must match /^_/u         unused-imports/no-unused-vars
  98:13  warning  'confidence_scores' is assigned a value but never used. Allowed unused vars must match /^_/u  unused-imports/no-unused-vars

C:\Users\tejas\Downloads\cre-financial-suite-main (3)\cre-financial-suite-main\src\pages\Login.jsx
  33:10  warning  'loginVerifiedCompany' is assigned a value but never used. Allowed unused vars must match /^_/u  unused-imports/no-unused-vars
  34:10  warning  'loginEmailChecked' is assigned a value but never used. Allowed unused vars must match /^_/u     unused-imports/no-unused-vars
  92:14  warning  'err' is defined but never used                                                                  unused-imports/no-unused-vars

C:\Users\tejas\Downloads\cre-financial-suite-main (3)\cre-financial-suite-main\src\pages\Onboarding.jsx
  108:10  warning  'user' is assigned a value but never used. Allowed unused vars must match /^_/u                      unused-imports/no-unused-vars
  267:16  warning  'e' is defined but never used                                                                        unused-imports/no-unused-vars
  319:9   warning  'completeOnboarding' is assigned a value but never used. Allowed unused vars must match /^_/u        unused-imports/no-unused-vars
  806:10  warning  'validatingAddress' is assigned a value but never used. Allowed unused vars must match /^_/u         unused-imports/no-unused-vars
  806:29  warning  'setValidatingAddress' is assigned a value but never used. Allowed unused vars must match /^_/u      unused-imports/no-unused-vars
  820:10  warning  'addressCandidates' is assigned a value but never used. Allowed unused vars must match /^_/u         unused-imports/no-unused-vars
  821:10  warning  'selectedCandidateIndex' is assigned a value but never used. Allowed unused vars must match /^_/u    unused-imports/no-unused-vars
  823:10  warning  'addressValidationMessage' is assigned a value but never used. Allowed unused vars must match /^_/u  unused-imports/no-unused-vars
  856:9   warning  'applyAddressCandidate' is assigned a value but never used. Allowed unused vars must match /^_/u     unused-imports/no-unused-vars
  868:41  warning  'autoApplySingle' is assigned a value but never used. Allowed unused args must match /^_/u           unused-imports/no-unused-vars

C:\Users\tejas\Downloads\cre-financial-suite-main (3)\cre-financial-suite-main\src\pages\OrgSettings.jsx
  110:15  warning  'data' is assigned a value but never used. Allowed unused vars must match /^_/u  unused-imports/no-unused-vars

C:\Users\tejas\Downloads\cre-financial-suite-main (3)\cre-financial-suite-main\src\pages\PendingApproval.jsx
  31:14  warning  'e' is defined but never used  unused-imports/no-unused-vars

C:\Users\tejas\Downloads\cre-financial-suite-main (3)\cre-financial-suite-main\src\pages\PropertyDetail.jsx
  60:17  warning  'stakeholders' is assigned a value but never used. Allowed unused vars must match /^_/u   unused-imports/no-unused-vars
  96:9   warning  'camEligibleSF' is assigned a value but never used. Allowed unused vars must match /^_/u  unused-imports/no-unused-vars

C:\Users\tejas\Downloads\cre-financial-suite-main (3)\cre-financial-suite-main\src\pages\Reconciliation.jsx
  5:10  error  'useQuery' is defined but never used  unused-imports/no-unused-imports

C:\Users\tejas\Downloads\cre-financial-suite-main (3)\cre-financial-suite-main\src\pages\RentProjection.jsx
  89:31  warning  'i' is defined but never used. Allowed unused args must match /^_/u  unused-imports/no-unused-vars

C:\Users\tejas\Downloads\cre-financial-suite-main (3)\cre-financial-suite-main\src\pages\RequestAccess.jsx
  19:9  warning  'navigate' is assigned a value but never used. Allowed unused vars must match /^_/u  unused-imports/no-unused-vars

C:\Users\tejas\Downloads\cre-financial-suite-main (3)\cre-financial-suite-main\src\pages\RequestDemo.jsx
  25:10  warning  'submitted' is assigned a value but never used. Allowed unused vars must match /^_/u  unused-imports/no-unused-vars

C:\Users\tejas\Downloads\cre-financial-suite-main (3)\cre-financial-suite-main\src\pages\SuperAdmin.jsx
  29:10  warning  'activeTab' is assigned a value but never used. Allowed unused vars must match /^_/u  unused-imports/no-unused-vars
  63:21  warning  'result' is assigned a value but never used. Allowed unused vars must match /^_/u     unused-imports/no-unused-vars
  86:21  warning  'result' is assigned a value but never used. Allowed unused vars must match /^_/u     unused-imports/no-unused-vars

C:\Users\tejas\Downloads\cre-financial-suite-main (3)\cre-financial-suite-main\src\pages\Tenants.jsx
  27:17  warning  'units' is assigned a value but never used. Allowed unused vars must match /^_/u       unused-imports/no-unused-vars
  28:17  warning  'properties' is assigned a value but never used. Allowed unused vars must match /^_/u  unused-imports/no-unused-vars

C:\Users\tejas\Downloads\cre-financial-suite-main (3)\cre-financial-suite-main\src\pages\UserManagement.jsx
  177:7  warning  'DEFAULT_ROLES' is assigned a value but never used. Allowed unused vars must match /^_/u  unused-imports/no-unused-vars

C:\Users\tejas\Downloads\cre-financial-suite-main (3)\cre-financial-suite-main\src\pages\Variance.jsx
  24:9  warning  'totalBudgetedRevenue' is assigned a value but never used. Allowed unused vars must match /^_/u  unused-imports/no-unused-vars
  26:9  warning  'variancePct' is assigned a value but never used. Allowed unused vars must match /^_/u           unused-imports/no-unused-vars

Γ£û 58 problems (2 errors, 56 warnings)
  2 errors and 0 warnings potentially fixable with the `--fix` option.

